<?xml version="1.0" encoding="UTF-8"?>
<!-- Generated by org.testng.reporters.JUnitReportReporter -->
<testsuite name="testcases.TC001" tests="1" time="30.042" ignored="16" failures="0" timestamp="04 Apr 2020 06:25:30 GMT" skipped="0" hostname="DESKTOP-GL987L8" errors="0">
  <testcase name="irctcSignUp" time="30.042" classname="testcases.TC001"/>
  <testcase name="beforeTest" classname="wrappers.ProjectWrappers">
    <skipped/>
  </testcase> <!-- beforeTest -->
  <testcase name="beforeTest" classname="wrappers.ProjectWrappers">
    <skipped/>
  </testcase> <!-- beforeTest -->
  <testcase name="beforeTest" classname="wrappers.ProjectWrappers">
    <skipped/>
  </testcase> <!-- beforeTest -->
  <testcase name="beforeTest" classname="wrappers.ProjectWrappers">
    <skipped/>
  </testcase> <!-- beforeTest -->
  <testcase name="afterSuite" classname="wrappers.ProjectWrappers">
    <skipped/>
  </testcase> <!-- afterSuite -->
  <testcase name="afterSuite" classname="wrappers.ProjectWrappers">
    <skipped/>
  </testcase> <!-- afterSuite -->
  <testcase name="afterSuite" classname="wrappers.ProjectWrappers">
    <skipped/>
  </testcase> <!-- afterSuite -->
  <testcase name="afterSuite" classname="wrappers.ProjectWrappers">
    <skipped/>
  </testcase> <!-- afterSuite -->
  <testcase name="afterTest" classname="wrappers.ProjectWrappers">
    <skipped/>
  </testcase> <!-- afterTest -->
  <testcase name="afterTest" classname="wrappers.ProjectWrappers">
    <skipped/>
  </testcase> <!-- afterTest -->
  <testcase name="afterTest" classname="wrappers.ProjectWrappers">
    <skipped/>
  </testcase> <!-- afterTest -->
  <testcase name="afterTest" classname="wrappers.ProjectWrappers">
    <skipped/>
  </testcase> <!-- afterTest -->
  <testcase name="beforeSuite" classname="wrappers.ProjectWrappers">
    <skipped/>
  </testcase> <!-- beforeSuite -->
  <testcase name="beforeSuite" classname="wrappers.ProjectWrappers">
    <skipped/>
  </testcase> <!-- beforeSuite -->
  <testcase name="beforeSuite" classname="wrappers.ProjectWrappers">
    <skipped/>
  </testcase> <!-- beforeSuite -->
  <testcase name="beforeSuite" classname="wrappers.ProjectWrappers">
    <skipped/>
  </testcase> <!-- beforeSuite -->
</testsuite> <!-- testcases.TC001 -->
