<?xml version="1.0" encoding="UTF-8"?>
<!-- Generated by org.testng.reporters.JUnitReportReporter -->
<testsuite skipped="0" hostname="DESKTOP-GL987L8" name="testcases.TC003" tests="1" failures="0" timestamp="2020-04-04T11:59:39 IST" time="34.634" errors="0">
  <testcase name="irctcSignUp" time="34.634" classname="testcases.TC003"/>
  <system-out/>
</testsuite> <!-- testcases.TC003 -->
