<?xml version="1.0" encoding="UTF-8"?>
<!-- Generated by org.testng.reporters.JUnitReportReporter -->
<testsuite skipped="0" hostname="DESKTOP-GL987L8" name="testcases.TC004" tests="1" failures="0" timestamp="2020-04-04T12:28:36 IST" time="32.482" errors="0">
  <testcase name="irctcSignUp" time="32.482" classname="testcases.TC004"/>
  <system-out/>
</testsuite> <!-- testcases.TC004 -->
