<?xml version="1.0" encoding="UTF-8"?>
<!-- Generated by org.testng.reporters.JUnitReportReporter -->
<testsuite skipped="0" hostname="DESKTOP-GL987L8" name="testcases.TC001" tests="1" failures="0" timestamp="2020-04-04T11:59:39 IST" time="33.699" errors="0">
  <testcase name="irctcSignUp" time="33.699" classname="testcases.TC001"/>
  <system-out/>
</testsuite> <!-- testcases.TC001 -->
